[2025-12-27 22:35:24] [INFO] ========================================================
[2025-12-27 22:35:24] [INFO] DMWB Access to SQL Server Export Tool
[2025-12-27 22:35:24] [INFO] ========================================================
[2025-12-27 22:35:24] [INFO] Server: localhost\SQLEXPRESS
[2025-12-27 22:35:24] [INFO] Database: DMWB_Export
[2025-12-27 22:35:24] [INFO] Source: C:\DMWB\CurrentReleases
[2025-12-27 22:35:24] [INFO] 
[2025-12-27 22:35:24] [INFO] Testing SQL Server connection...
[2025-12-27 22:35:24] [SUCCESS] Connected to: Microsoft SQL Server 2022 (RTM-GDR) (KB5068407) - 16.0.1160....
[2025-12-27 22:35:25] [INFO] Creating database 'DMWB_Export'...
[2025-12-27 22:35:25] [WARN] Database 'DMWB_Export' already exists - will add/update tables
[2025-12-27 22:35:25] [INFO] Found 0 Access database files
[2025-12-27 22:35:25] [INFO] 
[2025-12-27 22:35:25] [INFO] ========================================================
[2025-12-27 22:35:25] [INFO] EXPORT COMPLETE
[2025-12-27 22:35:25] [INFO] ========================================================
[2025-12-27 22:35:25] [INFO] Total Tables: 0
[2025-12-27 22:35:25] [INFO] Total Rows: 0
[2025-12-27 22:35:25] [INFO] Database: DMWB_Export
[2025-12-27 22:35:25] [INFO] Log File: O:\GitHub\snomed-database-loader\DMWB\Export-DmwbToSqlServer_20251227_223524.log
[2025-12-27 22:35:25] [INFO] 
[2025-12-27 22:35:25] [INFO] Summary exported to: O:\GitHub\snomed-database-loader\DMWB\Export-DmwbToSqlServer_Summary_20251227_223525.csv
[2025-12-27 22:35:25] [INFO] 
[2025-12-27 22:35:25] [INFO] CONNECTION STRING:
[2025-12-27 22:35:25] [INFO] Server=localhost\SQLEXPRESS;Database=DMWB_Export;User Id=sa;Password=redfive5;TrustServerCertificate=True;
[2025-12-27 22:35:25] [INFO] 
[2025-12-27 22:35:25] [INFO] To query the data, use:
[2025-12-27 22:35:25] [INFO]   SELECT * FROM [TableName]
[2025-12-27 22:35:25] [INFO] 
