[2025-12-27 22:45:50] [INFO] ========================================================
[2025-12-27 22:45:50] [INFO] DMWB Access to SQL Server Export Tool
[2025-12-27 22:45:50] [INFO] ========================================================
[2025-12-27 22:45:50] [INFO] Server: localhost\SQLEXPRESS
[2025-12-27 22:45:50] [INFO] Database: DMWB_Export
[2025-12-27 22:45:50] [INFO] Source: C:\DMWB\CurrentReleases
[2025-12-27 22:45:50] [INFO] 
[2025-12-27 22:45:50] [INFO] Testing SQL Server connection...
[2025-12-27 22:45:50] [SUCCESS] Connected to: Microsoft SQL Server 2022 (RTM-GDR) (KB5068407) - 16.0.1160....
[2025-12-27 22:45:50] [INFO] Creating database 'DMWB_Export'...
[2025-12-27 22:45:50] [SUCCESS] Database 'DMWB_Export' created successfully
[2025-12-27 22:45:50] [INFO] Found 9 Access database files
[2025-12-27 22:45:50] [INFO] 
[2025-12-27 22:45:50] [PROGRESS] ========================================================
[2025-12-27 22:45:50] [PROGRESS] [1/9] Processing: DMWB NHS Data Migration Maps.mdb
[2025-12-27 22:45:50] [PROGRESS] ========================================================
[2025-12-27 22:45:50] [PROGRESS] Found 15 tables
[2025-12-27 22:46:22] [SUCCESS]   ✓ Exported CTV3RCTMAP -> DMWB_NHS_Data_Migration_Maps_CTV3RCTMAP (445473 rows)
[2025-12-27 22:46:53] [SUCCESS]   ✓ Exported CTV3SCTMAP -> DMWB_NHS_Data_Migration_Maps_CTV3SCTMAP (445473 rows)
[2025-12-27 22:46:54] [SUCCESS]   ✓ Exported ICD -> DMWB_NHS_Data_Migration_Maps_ICD (19267 rows)
[2025-12-27 22:46:55] [SUCCESS]   ✓ Exported ICDHIER -> DMWB_NHS_Data_Migration_Maps_ICDHIER (19267 rows)
[2025-12-27 22:46:58] [SUCCESS]   ✓ Exported ICDSCTMAP -> DMWB_NHS_Data_Migration_Maps_ICDSCTMAP (37729 rows)
[2025-12-27 22:47:01] [SUCCESS]   ✓ Exported ICDTC -> DMWB_NHS_Data_Migration_Maps_ICDTC (77965 rows)
[2025-12-27 22:47:01] [SUCCESS]   ✓ Exported MAPVERSIONS -> DMWB_NHS_Data_Migration_Maps_MAPVERSIONS (10 rows)
[2025-12-27 22:47:02] [SUCCESS]   ✓ Exported OPCS -> DMWB_NHS_Data_Migration_Maps_OPCS (11686 rows)
[2025-12-27 22:47:02] [SUCCESS]   ✓ Exported OPCSHIER -> DMWB_NHS_Data_Migration_Maps_OPCSHIER (11686 rows)
[2025-12-27 22:47:04] [SUCCESS]   ✓ Exported OPCSSCTMAP -> DMWB_NHS_Data_Migration_Maps_OPCSSCTMAP (20816 rows)
[2025-12-27 22:47:06] [SUCCESS]   ✓ Exported OPCSTC -> DMWB_NHS_Data_Migration_Maps_OPCSTC (44789 rows)
[2025-12-27 22:47:14] [SUCCESS]   ✓ Exported RCTCTV3MAP -> DMWB_NHS_Data_Migration_Maps_RCTCTV3MAP (102066 rows)
[2025-12-27 22:47:21] [SUCCESS]   ✓ Exported RCTSCTMAP -> DMWB_NHS_Data_Migration_Maps_RCTSCTMAP (102057 rows)
[2025-12-27 22:47:29] [SUCCESS]   ✓ Exported SCTICDMAP -> DMWB_NHS_Data_Migration_Maps_SCTICDMAP (117992 rows)
[2025-12-27 22:47:33] [SUCCESS]   ✓ Exported SCTOPCSMAP -> DMWB_NHS_Data_Migration_Maps_SCTOPCSMAP (71730 rows)
[2025-12-27 22:47:33] [PROGRESS] ========================================================
[2025-12-27 22:47:33] [PROGRESS] [2/9] Processing: DMWB NHS Public Code Usage.mdb
[2025-12-27 22:47:33] [PROGRESS] ========================================================
[2025-12-27 22:47:33] [PROGRESS] Found 1 tables
[2025-12-27 22:49:47] [SUCCESS]   ✓ Exported SCTFREQ -> DMWB_NHS_Public_Code_Usage_SCTFREQ (1133250 rows)
[2025-12-27 22:49:47] [PROGRESS] ========================================================
[2025-12-27 22:49:47] [PROGRESS] [3/9] Processing: DMWB NHS READ.mdb
[2025-12-27 22:49:47] [PROGRESS] ========================================================
[2025-12-27 22:49:47] [PROGRESS] Found 10 tables
[2025-12-27 22:50:22] [SUCCESS]   ✓ Exported CTV3 -> DMWB_NHS_READ_CTV3 (395650 rows)
[2025-12-27 22:50:25] [SUCCESS]   ✓ Exported ctv3_rmf -> DMWB_NHS_READ_ctv3_rmf (55272 rows)
[2025-12-27 22:50:50] [SUCCESS]   ✓ Exported ctv3_term -> DMWB_NHS_READ_ctv3_term (351470 rows)
[2025-12-27 22:51:38] [SUCCESS]   ✓ Exported CTV3EQV -> DMWB_NHS_READ_CTV3EQV (803372 rows)
[2025-12-27 22:52:00] [SUCCESS]   ✓ Exported CTV3HIER -> DMWB_NHS_READ_CTV3HIER (287969 rows)
[2025-12-27 22:54:02] [SUCCESS]   ✓ Exported CTV3TC -> DMWB_NHS_READ_CTV3TC (2241382 rows)
[2025-12-27 22:54:17] [SUCCESS]   ✓ Exported RCT -> DMWB_NHS_READ_RCT (175017 rows)
[2025-12-27 22:54:39] [SUCCESS]   ✓ Exported RCTEQV -> DMWB_NHS_READ_RCTEQV (336712 rows)
[2025-12-27 22:54:51] [SUCCESS]   ✓ Exported RCTHIER -> DMWB_NHS_READ_RCTHIER (157280 rows)
[2025-12-27 22:55:29] [SUCCESS]   ✓ Exported RCTTC -> DMWB_NHS_READ_RCTTC (664554 rows)
[2025-12-27 22:55:29] [PROGRESS] ========================================================
[2025-12-27 22:55:29] [PROGRESS] [4/9] Processing: DMWB NHS SNOMED History.mdb
[2025-12-27 22:55:29] [PROGRESS] ========================================================
[2025-12-27 22:55:29] [PROGRESS] Found 9 tables
[2025-12-27 22:55:29] [WARN]   ⚠️  Table SCTCHIST is empty
[2025-12-27 22:55:29] [SUCCESS]   ✓ Exported SCTCHIST -> DMWB_NHS_SNOMED_History_SCTCHIST (0 rows)
[2025-12-27 22:55:36] [SUCCESS]   ✓ Exported SCTEQV -> DMWB_NHS_SNOMED_History_SCTEQV (112217 rows)
[2025-12-27 22:56:00] [SUCCESS]   ✓ Exported SCTHIST -> DMWB_NHS_SNOMED_History_SCTHIST (352610 rows)
[2025-12-27 22:56:19] [SUCCESS]   ✓ Exported SCTHREL -> DMWB_NHS_SNOMED_History_SCTHREL (348238 rows)
[2025-12-27 22:57:47] [SUCCESS]   ✓ Exported SCTMETA -> DMWB_NHS_SNOMED_History_SCTMETA (1141797 rows)
[2025-12-27 22:57:48] [WARN]   ⚠️  Table SCTSUBST is empty
[2025-12-27 22:57:48] [SUCCESS]   ✓ Exported SCTSUBST -> DMWB_NHS_SNOMED_History_SCTSUBST (0 rows)
[2025-12-27 22:57:48] [SUCCESS]   ✓ Exported SUBSETLIST -> DMWB_NHS_SNOMED_History_SUBSETLIST (1507 rows)
[2025-12-27 22:58:14] [SUCCESS]   ✓ Exported SUBSETS -> DMWB_NHS_SNOMED_History_SUBSETS (461419 rows)
[2025-12-27 23:00:59] [SUCCESS]   ✓ Exported SUBSETS_RD -> DMWB_NHS_SNOMED_History_SUBSETS_RD (2652514 rows)
[2025-12-27 23:00:59] [PROGRESS] ========================================================
[2025-12-27 23:00:59] [PROGRESS] [5/9] Processing: DMWB NHS SNOMED Lexicon.mdb
[2025-12-27 23:00:59] [PROGRESS] ========================================================
[2025-12-27 23:00:59] [PROGRESS] Found 3 tables
[2025-12-27 23:13:36] [SUCCESS]   ✓ Exported TOKENINDEX -> DMWB_NHS_SNOMED_Lexicon_TOKENINDEX (12951424 rows)
[2025-12-27 23:13:44] [SUCCESS]   ✓ Exported TOKENS -> DMWB_NHS_SNOMED_Lexicon_TOKENS (127220 rows)
[2025-12-27 23:13:45] [SUCCESS]   ✓ Exported WEQ -> DMWB_NHS_SNOMED_Lexicon_WEQ (25349 rows)
[2025-12-27 23:13:45] [PROGRESS] ========================================================
[2025-12-27 23:13:45] [PROGRESS] [6/9] Processing: DMWB NHS SNOMED Query Table.mdb
[2025-12-27 23:13:45] [PROGRESS] ========================================================
[2025-12-27 23:13:45] [PROGRESS] Found 1 tables
[2025-12-27 23:35:05] [SUCCESS]   ✓ Exported SCTQT -> DMWB_NHS_SNOMED_Query_Table_SCTQT (22918684 rows)
[2025-12-27 23:35:05] [PROGRESS] ========================================================
[2025-12-27 23:35:05] [PROGRESS] [7/9] Processing: DMWB NHS SNOMED Transitive Closure.mdb
[2025-12-27 23:35:05] [PROGRESS] ========================================================
[2025-12-27 23:35:05] [PROGRESS] Found 1 tables
[2025-12-27 23:45:10] [SUCCESS]   ✓ Exported SCTTC -> DMWB_NHS_SNOMED_Transitive_Closure_SCTTC (11637305 rows)
[2025-12-27 23:45:10] [PROGRESS] ========================================================
[2025-12-27 23:45:10] [PROGRESS] [8/9] Processing: DMWB NHS SNOMED.mdb
[2025-12-27 23:45:10] [PROGRESS] ========================================================
[2025-12-27 23:45:10] [PROGRESS] Found 6 tables
[2025-12-27 23:51:36] [SUCCESS]   ✓ Exported SCT -> DMWB_NHS_SNOMED_SCT (3337614 rows)
[2025-12-27 23:53:19] [SUCCESS]   ✓ Exported SCTHIER -> DMWB_NHS_SNOMED_SCTHIER (1476926 rows)
[2025-12-27 23:53:19] [SUCCESS]   ✓ Exported SCTMODREL -> DMWB_NHS_SNOMED_SCTMODREL (137 rows)
[2025-12-27 23:53:20] [SUCCESS]   ✓ Exported SCTMRCM -> DMWB_NHS_SNOMED_SCTMRCM (277 rows)
[2025-12-27 23:56:46] [SUCCESS]   ✓ Exported SCTREL -> DMWB_NHS_SNOMED_SCTREL (3430701 rows)
[2025-12-27 23:56:46] [SUCCESS]   ✓ Exported VERSIONS -> DMWB_NHS_SNOMED_VERSIONS (6 rows)
[2025-12-27 23:56:46] [PROGRESS] ========================================================
[2025-12-27 23:56:46] [PROGRESS] [9/9] Processing: NHS Data Migration Workbench GUI.mdb
[2025-12-27 23:56:46] [PROGRESS] ========================================================
[2025-12-27 23:56:46] [PROGRESS] Found 0 tables
[2025-12-27 23:56:46] [INFO] ========================================================
[2025-12-27 23:56:46] [INFO] EXPORT COMPLETE
[2025-12-27 23:56:46] [INFO] ========================================================
[2025-12-27 23:56:46] [INFO] Total Tables: 46
[2025-12-27 23:56:46] [INFO] Total Rows: 69105879
[2025-12-27 23:56:46] [INFO] Database: DMWB_Export
[2025-12-27 23:56:46] [INFO] Log File: O:\GitHub\snomed-database-loader\DMWB\Export-DmwbToSqlServer_20251227_224550.log
[2025-12-27 23:56:46] [INFO] 
[2025-12-27 23:56:46] [INFO] Summary exported to: O:\GitHub\snomed-database-loader\DMWB\Export-DmwbToSqlServer_Summary_20251227_235646.csv
[2025-12-27 23:56:46] [INFO] 
[2025-12-27 23:56:46] [INFO] CONNECTION STRING:
[2025-12-27 23:56:46] [INFO] Server=localhost\SQLEXPRESS;Database=DMWB_Export;User Id=sa;Password=redfive5;TrustServerCertificate=True;
[2025-12-27 23:56:46] [INFO] 
[2025-12-27 23:56:46] [INFO] To query the data, use:
[2025-12-27 23:56:46] [INFO]   SELECT * FROM [TableName]
[2025-12-27 23:56:46] [INFO] 
